[debug] [2021-10-23T12:06:02.907Z] ----------------------------------------------------------------------
[debug] [2021-10-23T12:06:02.910Z] Command:       C:\Program Files\nodejs\node.exe C:\Users\Ira\AppData\Roaming\npm\node_modules\firebase-tools\lib\bin\firebase.js deploy
[debug] [2021-10-23T12:06:02.910Z] CLI Version:   9.21.0
[debug] [2021-10-23T12:06:02.910Z] Platform:      win32
[debug] [2021-10-23T12:06:02.910Z] Node Version:  v16.8.0
[debug] [2021-10-23T12:06:02.912Z] Time:          Sat Oct 23 2021 15:06:02 GMT+0300 (Восточная Европа, летнее время)
[debug] [2021-10-23T12:06:02.912Z] ----------------------------------------------------------------------
[debug] 
[debug] [2021-10-23T12:06:02.975Z] > command requires scopes: ["email","openid","https://www.googleapis.com/auth/cloudplatformprojects.readonly","https://www.googleapis.com/auth/firebase","https://www.googleapis.com/auth/cloud-platform"]
[debug] [2021-10-23T12:06:02.975Z] > authorizing via signed-in user (faychak333@gmail.com)
[debug] [2021-10-23T12:06:02.975Z] [iam] checking project maya-5ecfb for permissions ["firebase.projects.get","firebasehosting.sites.update"]
[debug] [2021-10-23T12:06:02.978Z] > refreshing access token with scopes: ["email","https://www.googleapis.com/auth/cloud-platform","https://www.googleapis.com/auth/cloudplatformprojects.readonly","https://www.googleapis.com/auth/firebase","openid"]
[debug] [2021-10-23T12:06:02.978Z] >>> HTTP REQUEST POST https://www.googleapis.com/oauth2/v3/token  
 <request body omitted>
[debug] [2021-10-23T12:06:03.144Z] <<< HTTP RESPONSE 200 {"cache-control":"no-cache, no-store, max-age=0, must-revalidate","date":"Sat, 23 Oct 2021 12:06:03 GMT","expires":"Mon, 01 Jan 1990 00:00:00 GMT","pragma":"no-cache","content-type":"application/json; charset=utf-8","vary":"X-Origin, Referer, Origin,Accept-Encoding","server":"scaffolding on HTTPServer2","x-xss-protection":"0","x-frame-options":"SAMEORIGIN","x-content-type-options":"nosniff","alt-svc":"h3=\":443\"; ma=2592000,h3-29=\":443\"; ma=2592000,h3-Q050=\":443\"; ma=2592000,h3-Q046=\":443\"; ma=2592000,h3-Q043=\":443\"; ma=2592000","accept-ranges":"none","transfer-encoding":"chunked"}
[debug] [2021-10-23T12:06:03.163Z] >>> HTTP REQUEST POST https://cloudresourcemanager.googleapis.com/v1/projects/maya-5ecfb:testIamPermissions  
 {"permissions":["firebase.projects.get","firebasehosting.sites.update"]}
[debug] [2021-10-23T12:06:04.090Z] <<< HTTP RESPONSE 200 {"content-type":"application/json; charset=UTF-8","vary":"X-Origin, Referer, Origin,Accept-Encoding","date":"Sat, 23 Oct 2021 12:06:04 GMT","server":"ESF","cache-control":"private","x-xss-protection":"0","x-frame-options":"SAMEORIGIN","x-content-type-options":"nosniff","server-timing":"gfet4t7; dur=776","alt-svc":"h3=\":443\"; ma=2592000,h3-29=\":443\"; ma=2592000,h3-Q050=\":443\"; ma=2592000,h3-Q046=\":443\"; ma=2592000,h3-Q043=\":443\"; ma=2592000","accept-ranges":"none","transfer-encoding":"chunked"}
[debug] [2021-10-23T12:06:04.093Z] [iam] error while checking permissions, command may fail: FirebaseError: Authorization failed. This account is missing the following required permissions on project maya-5ecfb:

  firebase.projects.get
  firebasehosting.sites.update
[debug] [2021-10-23T12:06:04.096Z] > refreshing access token with scopes: []
[debug] [2021-10-23T12:06:04.097Z] >>> HTTP REQUEST POST https://www.googleapis.com/oauth2/v3/token  
 <request body omitted>
[debug] [2021-10-23T12:06:04.225Z] <<< HTTP RESPONSE 200 {"expires":"Mon, 01 Jan 1990 00:00:00 GMT","date":"Sat, 23 Oct 2021 12:06:04 GMT","pragma":"no-cache","cache-control":"no-cache, no-store, max-age=0, must-revalidate","content-type":"application/json; charset=utf-8","vary":"X-Origin, Referer, Origin,Accept-Encoding","server":"scaffolding on HTTPServer2","x-xss-protection":"0","x-frame-options":"SAMEORIGIN","x-content-type-options":"nosniff","alt-svc":"h3=\":443\"; ma=2592000,h3-29=\":443\"; ma=2592000,h3-Q050=\":443\"; ma=2592000,h3-Q046=\":443\"; ma=2592000,h3-Q043=\":443\"; ma=2592000","accept-ranges":"none","transfer-encoding":"chunked"}
[debug] [2021-10-23T12:06:04.258Z] >>> [apiv2][query] GET https://firebase.googleapis.com/v1beta1/projects/maya-5ecfb [none]
[debug] [2021-10-23T12:06:04.660Z] <<< [apiv2][status] GET https://firebase.googleapis.com/v1beta1/projects/maya-5ecfb 403
[debug] [2021-10-23T12:06:04.660Z] <<< [apiv2][body] GET https://firebase.googleapis.com/v1beta1/projects/maya-5ecfb {"error":{"code":403,"message":"The caller does not have permission","status":"PERMISSION_DENIED"}}
[debug] [2021-10-23T12:06:04.661Z] HTTP Error: 403, The caller does not have permission
[debug] [2021-10-23T12:06:04.776Z] FirebaseError: HTTP Error: 403, The caller does not have permission
    at module.exports (C:\Users\Ira\AppData\Roaming\npm\node_modules\firebase-tools\lib\responseToError.js:38:12)
    at Client.doRequest (C:\Users\Ira\AppData\Roaming\npm\node_modules\firebase-tools\lib\apiv2.js:240:23)
    at processTicksAndRejections (node:internal/process/task_queues:96:5)
    at async Client.request (C:\Users\Ira\AppData\Roaming\npm\node_modules\firebase-tools\lib\apiv2.js:96:20)
    at async Object.getFirebaseProject (C:\Users\Ira\AppData\Roaming\npm\node_modules\firebase-tools\lib\management\projects.js:290:21)
    at async Object.getDefaultHostingSite (C:\Users\Ira\AppData\Roaming\npm\node_modules\firebase-tools\lib\getDefaultHostingSite.js:8:21)
    at async requireHostingSite (C:\Users\Ira\AppData\Roaming\npm\node_modules\firebase-tools\lib\requireHostingSite.js:9:18)
    at async Object.fn (C:\Users\Ira\AppData\Roaming\npm\node_modules\firebase-tools\lib\commands\deploy.js:65:9)
    at async C:\Users\Ira\AppData\Roaming\npm\node_modules\firebase-tools\lib\command.js:188:17
[error] 
[error] Error: Failed to get Firebase project maya-5ecfb. Please make sure the project exists and your account has permission to access it.
